---
driver=<class 'textual.drivers.linux_driver.LinuxDriver'>
Load() >>> MyApp(title='Textual')
Mount() >>> MyApp(title='Textual Application')
Mount() >>> DockView(name='DockView#1')
Mount() >>> DockView(name='DockView#2')
Mount() >>> Header('')
Mount() >>> DockView(name='DockView#3')
view.forwarded Key(key='B')
Key(key='B') >>> MyApp(title='Textual Application')
view.forwarded Key(key='b')
Key(key='b') >>> MyApp(title='Textual Application')
ACTION MyApp(title='Textual Application') toggle_sidebar
view.forwarded Key(key='b')
Key(key='b') >>> MyApp(title='Textual Application')
ACTION MyApp(title='Textual Application') toggle_sidebar
view.forwarded Key(key='b')
Key(key='b') >>> MyApp(title='Textual Application')
ACTION MyApp(title='Textual Application') toggle_sidebar
view.forwarded Key(key='b')
Key(key='b') >>> MyApp(title='Textual Application')
ACTION MyApp(title='Textual Application') toggle_sidebar
view.forwarded Key(key='enter')
Key(key='enter') >>> MyApp(title='Textual Application')
view.forwarded Key(key='q')
Key(key='q') >>> MyApp(title='Textual Application')
ACTION MyApp(title='Textual Application') quit
CLOSED MyApp(title='Textual Application')
PROCESS END
CLOSED DockView(name='DockView#3')
CLOSED Footer(keys=[])
CLOSED Placeholder(name='Placeholder#2')
CLOSED DockView(name='DockView#1')
CLOSED DockView(name='DockView#2')
CLOSED Placeholder(name='Placeholder#3')
CLOSED Placeholder(name='left')
CLOSED Header('Textual Application')
